# JRE version: OpenJDK Runtime Environment (11.0.2+9) (build 11.0.2+9)
# Java VM: OpenJDK 64-Bit Server VM (11.0.2+9, mixed mode, tiered, compressed oops, g1 gc, windows-amd64)
Heap:
 garbage-first heap   total 160768K, used 152470K [0x0000000740000000, 0x0000000800000000)
  region size 1024K, 60 young (61440K), 0 survivors (0K)
 Metaspace       used 92877K, capacity 95284K, committed 95516K, reserved 1130496K
  class space    used 12762K, capacity 13903K, committed 14028K, reserved 1048576K
GC Heap History (10 events):
Event: 394.435 GC heap before
{Heap before GC invocations=114 (full 9):
 garbage-first heap   total 160768K, used 152827K [0x0000000740000000, 0x0000000800000000)
  region size 1024K, 60 young (61440K), 2 survivors (2048K)
 Metaspace       used 92785K, capacity 95220K, committed 95516K, reserved 1130496K
  class space    used 12762K, capacity 13903K, committed 14028K, reserved 1048576K
}
Event: 394.440 GC heap after
{Heap after GC invocations=115 (full 9):
 garbage-first heap   total 160768K, used 93296K [0x0000000740000000, 0x0000000800000000)
  region size 1024K, 1 young (1024K), 1 survivors (1024K)
 Metaspace       used 92785K, capacity 95220K, committed 95516K, reserved 1130496K
  class space    used 12762K, capacity 13903K, committed 14028K, reserved 1048576K
}
Event: 397.050 GC heap before
{Heap before GC invocations=116 (full 9):
 garbage-first heap   total 160768K, used 153712K [0x0000000740000000, 0x0000000800000000)
  region size 1024K, 60 young (61440K), 1 survivors (1024K)
 Metaspace       used 92785K, capacity 95220K, committed 95516K, reserved 1130496K
  class space    used 12762K, capacity 13903K, committed 14028K, reserved 1048576K
}
Event: 397.055 GC heap after
{Heap after GC invocations=117 (full 9):
 garbage-first heap   total 160768K, used 93080K [0x0000000740000000, 0x0000000800000000)
  region size 1024K, 1 young (1024K), 1 survivors (1024K)
 Metaspace       used 92785K, capacity 95220K, committed 95516K, reserved 1130496K
  class space    used 12762K, capacity 13903K, committed 14028K, reserved 1048576K
}
Event: 403.071 GC heap before
{Heap before GC invocations=117 (full 9):
 garbage-first heap   total 160768K, used 153496K [0x0000000740000000, 0x0000000800000000)
  region size 1024K, 60 young (61440K), 1 survivors (1024K)
 Metaspace       used 92823K, capacity 95284K, committed 95516K, reserved 1130496K
  class space    used 12762K, capacity 13903K, committed 14028K, reserved 1048576K
}
Event: 403.078 GC heap after
{Heap after GC invocations=118 (full 9):
 garbage-first heap   total 160768K, used 93509K [0x0000000740000000, 0x0000000800000000)
  region size 1024K, 2 young (2048K), 2 survivors (2048K)
 Metaspace       used 92823K, capacity 95284K, committed 95516K, reserved 1130496K
  class space    used 12762K, capacity 13903K, committed 14028K, reserved 1048576K
}
Event: 412.652 GC heap before
{Heap before GC invocations=119 (full 9):
 garbage-first heap   total 160768K, used 122181K [0x0000000740000000, 0x0000000800000000)
  region size 1024K, 31 young (31744K), 2 survivors (2048K)
 Metaspace       used 92841K, capacity 95284K, committed 95516K, reserved 1130496K
  class space    used 12762K, capacity 13903K, committed 14028K, reserved 1048576K
}
Event: 412.658 GC heap after
{Heap after GC invocations=120 (full 9):
 garbage-first heap   total 160768K, used 93321K [0x0000000740000000, 0x0000000800000000)
  region size 1024K, 1 young (1024K), 1 survivors (1024K)
 Metaspace       used 92841K, capacity 95284K, committed 95516K, reserved 1130496K
  class space    used 12762K, capacity 13903K, committed 14028K, reserved 1048576K
}
Event: 412.718 GC heap before
{Heap before GC invocations=120 (full 9):
 garbage-first heap   total 160768K, used 97417K [0x0000000740000000, 0x0000000800000000)
  region size 1024K, 2 young (2048K), 1 survivors (1024K)
 Metaspace       used 92841K, capacity 95284K, committed 95516K, reserved 1130496K
  class space    used 12762K, capacity 13903K, committed 14028K, reserved 1048576K
}
Event: 412.888 GC heap after
{Heap after GC invocations=121 (full 10):
 garbage-first heap   total 160768K, used 92054K [0x0000000740000000, 0x0000000800000000)
  region size 1024K, 0 young (0K), 0 survivors (0K)
 Metaspace       used 92841K, capacity 95284K, committed 95516K, reserved 1130496K
  class space    used 12762K, capacity 13903K, committed 14028K, reserved 1048576K
}

